            --------------------------------------------------------
                             AMBER SQM VERSION 19
 
                                     By
              Ross C. Walker, Michael F. Crowley, Scott Brozell,
                         Tim Giese, Andreas W. Goetz,
                        Tai-Sung Lee and David A. Case
 
            --------------------------------------------------------
 

--------------------------------------------------------------------------------
  QM CALCULATION INFO
--------------------------------------------------------------------------------

| QMMM: Citation for AMBER QMMM Run:
| QMMM: R.C. Walker, M.F. Crowley and D.A. Case, J. COMP. CHEM. 29:1019, 2008

QMMM: SINGLET STATE CALCULATION
QMMM: RHF CALCULATION, NO. OF DOUBLY OCCUPIED LEVELS =107

| QMMM: *** Selected Hamiltonian *** 
| QMMM: AM1         

| QMMM: *** Parameter sets in use ***
| QMMM: C : M.J.S.DEWAR et al. JACS, 107, 3902, (1985)
| QMMM: N : M.J.S.DEWAR et al. JACS, 107, 3902, (1985)
| QMMM: O : M.J.S.DEWAR et al. JACS, 107, 3902, (1985)
| QMMM: F : M.J.S.DEWAR et al. THEOCHEM, 180, 1, (1988)
| QMMM: H : M.J.S.DEWAR et al. JACS, 107, 3902, (1985)

| QMMM: *** SCF convergence criteria ***
| QMMM: Energy change                :  0.1D-09 kcal/mol
| QMMM: Error matrix |FP-PF|         :  0.1D+00 au
| QMMM: Density matrix change        :  0.5D-06
| QMMM: Maximum number of SCF cycles :     1000

| QMMM: *** Diagonalization Routine Information ***
| QMMM: Pseudo diagonalizations are allowed.
| QMMM: Auto diagonalization routine selection is in use.
| QMMM:
| QMMM: Timing diagonalization routines:
| QMMM:                              norbs =      196
| QMMM:    diag iterations used for timing =        5
| QMMM:
| QMMM:              Internal diag routine = 0.167165 seconds
| QMMM:                 Dspev diag routine = 0.171752 seconds
| QMMM:                Dspevd diag routine = 0.144679 seconds
| QMMM:                Dspevx diag routine = 0.783301 seconds
| QMMM:                 Dsyev diag routine = 0.217658 seconds
| QMMM:                Dsyevd diag routine = 0.132497 seconds
| QMMM:                Dsyevr diag routine = 0.134272 seconds
| QMMM:
| QMMM:                Pseudo diag routine = 0.084468 seconds
| QMMM:
| QMMM: Using dsyevd routine (diag_routine=6).

  QMMM: QM Region Cartesian Coordinates (*=link atom) 
  QMMM: QM_NO.   MM_NO.  ATOM         X         Y         Z
  QMMM:     1        1      C       -8.4210   -6.0100   -9.3330
  QMMM:     2        2      C       -7.2010   -6.2480  -10.2370
  QMMM:     3        3      C       -6.8900   -5.0160  -11.0860
  QMMM:     4        4      N       -6.4540   -3.8900  -10.2290
  QMMM:     5        5      C       -6.7410   -2.6330  -10.5490
  QMMM:     6        6      O       -6.3750   -1.7080   -9.8230
  QMMM:     7        7      C       -7.5240   -2.3180  -11.8220
  QMMM:     8        8      C       -8.3010   -1.0050  -11.8960
  QMMM:     9        9      C       -5.7010   -4.1700   -8.9900
  QMMM:    10       10      C       -5.0470   -5.5400   -9.0430
  QMMM:    11       11      N       -6.0290   -6.6020   -9.4100
  QMMM:    12       12      C       -5.9510   -7.9010   -8.8580
  QMMM:    13       13      N       -7.0750   -8.6380   -8.9400
  QMMM:    14       14      C       -7.1590   -9.8750   -8.4360
  QMMM:    15       15      O       -8.2040  -10.5140   -8.5380
  QMMM:    16       16      N       -6.0630  -10.4380   -7.8010
  QMMM:    17       17      C       -6.1720  -11.7220   -7.2740
  QMMM:    18       18      C       -5.7710  -12.8060   -8.0360
  QMMM:    19       19      C       -5.2200  -12.5850   -9.4420
  QMMM:    20       20      C       -5.8870  -14.0810   -7.4970
  QMMM:    21       21      C       -6.4020  -14.2230   -6.2130
  QMMM:    22       22      N       -6.7790  -13.1720   -5.5040
  QMMM:    23       23      C       -6.6860  -11.9230   -5.9920
  QMMM:    24       24      C       -7.1410  -10.7490   -5.1110
  QMMM:    25       25      C       -8.6370  -10.8580   -4.7840
  QMMM:    26       26      C       -6.3120  -10.7390   -3.8270
  QMMM:    27       27      C       -4.8770   -9.7180   -7.6840
  QMMM:    28       28      N       -3.8240  -10.2740   -7.0610
  QMMM:    29       29      C       -4.8100   -8.4320   -8.2160
  QMMM:    30       30      C       -3.6020   -7.7430   -8.0840
  QMMM:    31       31      C       -2.5190   -8.3460   -7.4390
  QMMM:    32       32      F       -1.3490   -7.6910   -7.3090
  QMMM:    33       33      C       -2.6560   -9.6360   -6.9210
  QMMM:    34       34      C       -1.5980  -10.2710   -6.2670
  QMMM:    35       35      C       -1.0020   -9.6830   -5.1420
  QMMM:    36       36      F       -1.4300   -8.4980   -4.6600
  QMMM:    37       37      C        0.0540  -10.3150   -4.4940
  QMMM:    38       38      C        0.5160  -11.5400   -4.9600
  QMMM:    39       39      C       -0.0730  -12.1320   -6.0690
  QMMM:    40       40      C       -1.1280  -11.5060   -6.7230
  QMMM:    41       41      O       -1.6840  -12.1100   -7.8050
  QMMM:    42       42      H       -9.2580   -5.6130   -9.9480
  QMMM:    43       43      H       -8.2000   -5.2810   -8.5310
  QMMM:    44       44      H       -8.8010   -6.9400   -8.8670
  QMMM:    45       45      H       -7.4470   -7.0780  -10.9410
  QMMM:    46       46      H       -7.7970   -4.8660  -11.7020
  QMMM:    47       47      H       -6.0700   -5.2990  -11.7800
  QMMM:    48       48      H       -8.2710   -3.0930  -12.0440
  QMMM:    49       49      H       -6.7790   -2.3670  -12.6530
  QMMM:    50       50      H       -7.3980   -0.4700  -12.3210
  QMMM:    51       51      H       -7.9240   -0.2100  -11.1530
  QMMM:    52       52      H       -8.5520   -0.7660  -12.9960
  QMMM:    53       53      H       -6.3920   -4.1320   -8.1180
  QMMM:    54       54      H       -4.8940   -3.4170   -8.8350
  QMMM:    55       55      H       -4.6610   -5.6190   -8.0000
  QMMM:    56       56      H       -4.2210   -5.4890   -9.7870
  QMMM:    57       57      H       -4.1910  -12.1740   -9.3770
  QMMM:    58       58      H       -5.8780  -11.8820  -10.0000
  QMMM:    59       59      H       -5.2340  -13.5510   -9.9900
  QMMM:    60       60      H       -5.5910  -14.9530   -8.0620
  QMMM:    61       61      H       -6.4930  -15.2060   -5.7650
  QMMM:    62       62      H       -7.0010   -9.7600   -5.6000
  QMMM:    63       63      H       -8.8590  -11.8170   -4.2660
  QMMM:    64       64      H       -9.2360  -10.8330   -5.7230
  QMMM:    65       65      H       -8.9620  -10.0190   -4.1360
  QMMM:    66       66      H       -5.2460  -10.5110   -4.0430
  QMMM:    67       67      H       -6.3560  -11.7280   -3.3200
  QMMM:    68       68      H       -6.7030   -9.9770   -3.1240
  QMMM:    69       69      H       -3.3230   -6.8930   -8.6780
  QMMM:    70       70      H        0.5050   -9.8660   -3.6200
  QMMM:    71       71      H        1.2580  -12.0190   -4.3730
  QMMM:    72       72      H        0.2730  -13.1090   -6.3920
  QMMM:    73       73      H       -1.4760  -13.0560   -7.7470

--------------------------------------------------------------------------------
  RESULTS
--------------------------------------------------------------------------------

      iter         sqm energy              rms gradient
      ----    -------------------    -----------------------
xmin    10      -54.7249 kcal/mol        1.3697 kcal/(mol*A)
xmin    20      -55.6027 kcal/mol        1.7665 kcal/(mol*A)
xmin    30      -56.8574 kcal/mol        0.8948 kcal/(mol*A)
xmin    40      -57.3438 kcal/mol        0.1842 kcal/(mol*A)
xmin    50      -57.4796 kcal/mol        0.1207 kcal/(mol*A)
xmin    60      -57.5578 kcal/mol        0.1211 kcal/(mol*A)
xmin    70      -57.5787 kcal/mol        0.1197 kcal/(mol*A)
xmin    80      -57.5920 kcal/mol        0.0839 kcal/(mol*A)
xmin    90      -57.6010 kcal/mol        0.0514 kcal/(mol*A)
xmin   100      -57.6084 kcal/mol        0.0303 kcal/(mol*A)
xmin   110      -57.3057 kcal/mol        2.1834 kcal/(mol*A)
xmin   120      -57.6269 kcal/mol        0.0138 kcal/(mol*A)
xmin   130      -57.6401 kcal/mol        0.0340 kcal/(mol*A)
xmin   140      -57.6444 kcal/mol        0.0150 kcal/(mol*A)
xmin   150      -23.9117 kcal/mol       28.9174 kcal/(mol*A)
xmin   160      -57.6484 kcal/mol        0.0653 kcal/(mol*A)
xmin   170      -57.6544 kcal/mol        0.0051 kcal/(mol*A)
xmin   180      -57.6545 kcal/mol        0.0032 kcal/(mol*A)
xmin   190      -57.6546 kcal/mol        0.0026 kcal/(mol*A)
xmin   200      -57.6546 kcal/mol        0.0037 kcal/(mol*A)
xmin   210      -57.6547 kcal/mol        0.0012 kcal/(mol*A)
xmin   220      -57.6547 kcal/mol        0.0018 kcal/(mol*A)
  ... geometry converged !
 
 Final MO eigenvalues (eV):
 -50.0174  -49.9210  -42.0158  -41.1740  -40.8622  -40.1412  -39.2278  -38.9579
 -37.7579  -36.9952  -36.2888  -36.1802  -34.7948  -34.2575  -33.8560  -33.5457
 -33.0105  -32.1962  -30.7789  -30.3640  -30.1497  -29.2755  -28.3747  -27.5922
 -27.4152  -26.2083  -25.9350  -25.0819  -24.5748  -24.1036  -23.9642  -23.6578
 -23.3962  -22.6980  -21.5781  -20.6034  -20.3997  -19.9135  -19.7892  -19.5038
 -19.1184  -18.6898  -18.2025  -17.9800  -17.8377  -17.7263  -17.5849  -17.4720
 -17.1450  -17.0730  -16.7014  -16.6445  -16.5830  -16.4943  -16.3020  -16.1165
 -15.7986  -15.7718  -15.6016  -15.3874  -15.3086  -15.2703  -15.1068  -14.9061
 -14.7189  -14.6234  -14.5721  -14.4454  -14.2913  -14.1154  -14.0768  -13.9477
 -13.8964  -13.8608  -13.7302  -13.5235  -13.4771  -13.4219  -13.4132  -13.1538
 -13.0905  -12.8156  -12.7895  -12.7802  -12.7725  -12.6016  -12.5882  -12.5156
 -12.1406  -12.1151  -12.0373  -11.9318  -11.8021  -11.7330  -11.4553  -11.2876
 -11.0787  -10.9268  -10.8335  -10.4250  -10.1070  -10.0288   -9.9965   -9.6901
  -9.6349   -9.4901   -9.1414   -1.1856   -0.5349   -0.3284   -0.1315    0.1103
   0.2119    0.3787    0.7973    1.1621    1.2780    1.6218    1.6775    2.0645
   2.1631    2.2508    2.4285    2.4806    2.7236    2.8108    2.8855    2.9334
   3.0566    3.1052    3.1779    3.2488    3.2898    3.3419    3.4306    3.4765
   3.5031    3.5492    3.5977    3.6318    3.6396    3.7007    3.7168    3.7352
   3.8098    3.8564    3.9142    3.9257    3.9852    4.0454    4.0983    4.1042
   4.1553    4.1660    4.2530    4.2860    4.3192    4.3485    4.4456    4.4533
   4.4888    4.5058    4.5341    4.5469    4.5693    4.6024    4.6486    4.6637
   4.7744    4.8151    4.8475    4.9084    4.9252    4.9496    5.0109    5.0251
   5.0328    5.1367    5.1563    5.1755    5.2094    5.2822    5.3202    5.3505
   5.3978    5.4482    5.5216    5.5277    5.7034    5.8219    5.9814    6.1380
   6.5343    6.8274    6.8470    7.0276

 Heat of formation   =        -57.65467316 kcal/mol  (       -2.50009424 eV)

 Total SCF energy    =    -171859.35166291 kcal/mol  (    -7452.38071475 eV)
 Electronic energy   =   -1649431.08163444 kcal/mol  (   -71524.69891308 eV)
 Core-core repulsion =    1477571.72997153 kcal/mol  (    64072.31819832 eV)
 
    Atomic Charges for Step       1 :
  Atom    Element       Mulliken Charge
     1      C                 -0.231
     2      C                  0.016
     3      C                 -0.027
     4      N                 -0.340
     5      C                  0.303
     6      O                 -0.362
     7      C                 -0.173
     8      C                 -0.206
     9      C                 -0.041
    10      C                 -0.061
    11      N                 -0.251
    12      C                  0.229
    13      N                 -0.270
    14      C                  0.365
    15      O                 -0.303
    16      N                 -0.231
    17      C                 -0.001
    18      C                  0.004
    19      C                 -0.192
    20      C                 -0.190
    21      C                 -0.052
    22      N                 -0.145
    23      C                  0.031
    24      C                 -0.057
    25      C                 -0.213
    26      C                 -0.199
    27      C                  0.165
    28      N                 -0.143
    29      C                 -0.200
    30      C                 -0.069
    31      C                  0.010
    32      F                 -0.086
    33      C                  0.098
    34      C                 -0.123
    35      C                  0.166
    36      F                 -0.089
    37      C                 -0.206
    38      C                 -0.050
    39      C                 -0.233
    40      C                  0.139
    41      O                 -0.241
    42      H                  0.080
    43      H                  0.085
    44      H                  0.110
    45      H                  0.119
    46      H                  0.096
    47      H                  0.078
    48      H                  0.106
    49      H                  0.099
    50      H                  0.089
    51      H                  0.095
    52      H                  0.076
    53      H                  0.095
    54      H                  0.130
    55      H                  0.104
    56      H                  0.094
    57      H                  0.094
    58      H                  0.105
    59      H                  0.085
    60      H                  0.144
    61      H                  0.159
    62      H                  0.089
    63      H                  0.088
    64      H                  0.088
    65      H                  0.073
    66      H                  0.082
    67      H                  0.090
    68      H                  0.067
    69      H                  0.167
    70      H                  0.157
    71      H                  0.144
    72      H                  0.143
    73      H                  0.227
 Total Mulliken Charge =       0.000
 
                  X        Y        Z     TOTAL  
  QM DIPOLE     5.340   -0.447   -3.151    6.217
 
 Final Structure

  QMMM: QM Region Cartesian Coordinates (*=link atom) 
  QMMM: QM_NO.   MM_NO.  ATOM         X         Y         Z
  QMMM:     1        1      C       -8.7083   -6.3781   -9.6903
  QMMM:     2        2      C       -7.3372   -6.3518  -10.3694
  QMMM:     3        3      C       -7.0910   -4.9408  -10.9774
  QMMM:     4        4      N       -6.8644   -3.9290   -9.9769
  QMMM:     5        5      C       -6.7748   -2.5807  -10.3116
  QMMM:     6        6      O       -6.4148   -1.7539   -9.4511
  QMMM:     7        7      C       -7.1674   -2.1654  -11.7160
  QMMM:     8        8      C       -6.9282   -0.6938  -11.9351
  QMMM:     9        9      C       -6.4244   -4.3948   -8.6840
  QMMM:    10       10      C       -5.5824   -5.6856   -8.7708
  QMMM:    11       11      N       -6.1876   -6.7532   -9.5519
  QMMM:    12       12      C       -6.1601   -8.0558   -9.0103
  QMMM:    13       13      N       -7.2378   -8.8261   -9.0789
  QMMM:    14       14      C       -7.2339  -10.1290   -8.5459
  QMMM:    15       15      O       -8.2044  -10.8919   -8.6937
  QMMM:    16       16      N       -6.1135  -10.5839   -7.7677
  QMMM:    17       17      C       -6.1978  -11.8182   -7.0590
  QMMM:    18       18      C       -5.9262  -13.0377   -7.7274
  QMMM:    19       19      C       -5.5706  -13.0734   -9.1645
  QMMM:    20       20      C       -6.0207  -14.2283   -7.0008
  QMMM:    21       21      C       -6.3826  -14.1675   -5.6481
  QMMM:    22       22      N       -6.6522  -13.0240   -4.9988
  QMMM:    23       23      C       -6.5647  -11.8556   -5.6757
  QMMM:    24       24      C       -6.9063  -10.5778   -4.9391
  QMMM:    25       25      C       -8.3777  -10.2651   -5.1413
  QMMM:    26       26      C       -6.5761  -10.6392   -3.4609
  QMMM:    27       27      C       -4.9315   -9.8369   -7.7615
  QMMM:    28       28      N       -3.8250  -10.3529   -7.1231
  QMMM:    29       29      C       -4.8932   -8.5699   -8.4426
  QMMM:    30       30      C       -3.6505   -7.9400   -8.5768
  QMMM:    31       31      C       -2.5207   -8.4841   -7.9606
  QMMM:    32       32      F       -1.3213   -7.8728   -8.0791
  QMMM:    33       33      C       -2.6622   -9.6974   -7.2085
  QMMM:    34       34      C       -1.4980  -10.2616   -6.5002
  QMMM:    35       35      C       -1.4127  -10.1986   -5.0924
  QMMM:    36       36      F       -2.3940   -9.6024   -4.3792
  QMMM:    37       37      C       -0.3032  -10.7408   -4.4156
  QMMM:    38       38      C        0.7119  -11.3562   -5.1403
  QMMM:    39       39      C        0.6455  -11.4433   -6.5274
  QMMM:    40       40      C       -0.4595  -10.9024   -7.2024
  QMMM:    41       41      O       -0.5849  -10.9732   -8.5683
  QMMM:    42       42      H       -9.3575   -5.5688  -10.1037
  QMMM:    43       43      H       -8.6320   -6.2310   -8.5869
  QMMM:    44       44      H       -9.2156   -7.3558   -9.8769
  QMMM:    45       45      H       -7.3639   -7.0724  -11.2424
  QMMM:    46       46      H       -7.9983   -4.6698  -11.5888
  QMMM:    47       47      H       -6.2073   -4.9950  -11.6784
  QMMM:    48       48      H       -8.2542   -2.4033  -11.8692
  QMMM:    49       49      H       -6.5764   -2.7641  -12.4594
  QMMM:    50       50      H       -5.8461   -0.4494  -11.8066
  QMMM:    51       51      H       -7.5061   -0.0895  -11.1942
  QMMM:    52       52      H       -7.2454   -0.4069  -12.9662
  QMMM:    53       53      H       -7.3314   -4.5768   -8.0393
  QMMM:    54       54      H       -5.7953   -3.6016   -8.1855
  QMMM:    55       55      H       -5.3594   -6.0233   -7.7205
  QMMM:    56       56      H       -4.6068   -5.4202   -9.2750
  QMMM:    57       57      H       -4.6247  -12.5044   -9.3471
  QMMM:    58       58      H       -6.3899  -12.6080   -9.7709
  QMMM:    59       59      H       -5.4229  -14.1235   -9.5174
  QMMM:    60       60      H       -5.8194  -15.1946   -7.4819
  QMMM:    61       61      H       -6.4683  -15.0878   -5.0418
  QMMM:    62       62      H       -6.2902   -9.7420   -5.3779
  QMMM:    63       63      H       -9.0123  -11.0502   -4.6643
  QMMM:    64       64      H       -8.6246  -10.2229   -6.2309
  QMMM:    65       65      H       -8.6218   -9.2798   -4.6766
  QMMM:    66       66      H       -5.5142  -10.9471   -3.3095
  QMMM:    67       67      H       -7.2368  -11.3654   -2.9295
  QMMM:    68       68      H       -6.7250   -9.6297   -3.0059
  QMMM:    69       69      H       -3.5256   -7.0302   -9.1836
  QMMM:    70       70      H       -0.2565  -10.6750   -3.3193
  QMMM:    71       71      H        1.5775  -11.7819   -4.6087
  QMMM:    72       72      H        1.4481  -11.9350   -7.0947
  QMMM:    73       73      H        0.2039  -11.4142   -8.9194

           --------- Calculation Completed ----------

