Check global input consistency...
Done.
- Finished with read_parameters.
  Reading topology file: /home/charmm-gui/local/GalaxyFill/data/topology_charmm22ph.in
  Reading topology file: /home/charmm-gui/local/GalaxyFill/data/topology_charmm22ph_nt.in
  Reading topology file: /home/charmm-gui/local/GalaxyFill/data/topology_charmm22ph_ct.in
- Finished with read_topology_geo.
  Reading topology file: /home/charmm-gui/local/GalaxyFill/data/topology_eng_charmm22ph.in
  Num_ref_res =    77
- Finished with read_topology_eng.
- Rotamer setup
  Reading rotamer library file  /home/charmm-gui/local/GalaxyFill/data/bbdep02.May.sortlib
  Total number of rotamers in rot lib file      466829
  Reading infile_chi_def file  /home/charmm-gui/local/GalaxyFill/data/def_chi.in
  Random seed =   12973637
Task: local_optimize
 - local_optimize_relax: no
 - local_optimize_sidechain: no
============================================================
  Reading sequence from pdb file: 6oim_proa.orig_init.pdb
    There seems to be break in chain.   13 A ASP    14 A GLY  C-N bond length is     2.705
  Reading pdb file: 6oim_proa.orig_init.pdb
- Add missing atoms activated.
  Number of added heavy atoms =     0
  Total number of added atoms =     0
  n_unplaced =     0
- Fix type "all" activated: All atoms except ULR/USC are fixed.
- Energy: MM energy activated.
- Add missing atoms activated.
  Number of added heavy atoms =     0
  Total number of added atoms =     0
  n_unplaced =     0
Before optimization, 6oim_proa.orig_init.pdb ENERGY.0       6319.907
Before optimization, 6oim_proa.orig_init.pdb ENERGY.1       6319.907        0.000        0.000
Before optimization, 6oim_proa.orig_init.pdb ENERGY.2.0    705.207    752.095    118.311    236.390   4507.904      0.000      0.000      0.000      0.000      0.000      0.000      0.000      0.000      0.000      0.000      0.000      0.000      0.000      0.000      0.000
After  optimization, 6oim_proa.orig_init.pdb ENERGY.0        -37.029
After  optimization, 6oim_proa.orig_init.pdb ENERGY.1        -37.029        0.000        0.000
After  optimization, 6oim_proa.orig_init.pdb ENERGY.2.0      4.088     17.863     36.843      2.622    -98.445      0.000      0.000      0.000      0.000      0.000      0.000      0.000      0.000      0.000      0.000      0.000      0.000      0.000      0.000      0.000
------------------------------------------------------------
Total User Time =     10.060 sec
           0 dy  0 hr  0 min 10.060 sec
------------------------------------------------------------
