            --------------------------------------------------------
                             AMBER SQM VERSION 19
 
                                     By
              Ross C. Walker, Michael F. Crowley, Scott Brozell,
                         Tim Giese, Andreas W. Goetz,
                        Tai-Sung Lee and David A. Case
 
            --------------------------------------------------------
 

--------------------------------------------------------------------------------
  QM CALCULATION INFO
--------------------------------------------------------------------------------

| QMMM: Citation for AMBER QMMM Run:
| QMMM: R.C. Walker, M.F. Crowley and D.A. Case, J. COMP. CHEM. 29:1019, 2008

QMMM: SINGLET STATE CALCULATION
QMMM: RHF CALCULATION, NO. OF DOUBLY OCCUPIED LEVELS =107

| QMMM: *** Selected Hamiltonian *** 
| QMMM: AM1         

| QMMM: *** Parameter sets in use ***
| QMMM: C : M.J.S.DEWAR et al. JACS, 107, 3902, (1985)
| QMMM: N : M.J.S.DEWAR et al. JACS, 107, 3902, (1985)
| QMMM: O : M.J.S.DEWAR et al. JACS, 107, 3902, (1985)
| QMMM: F : M.J.S.DEWAR et al. THEOCHEM, 180, 1, (1988)
| QMMM: H : M.J.S.DEWAR et al. JACS, 107, 3902, (1985)

| QMMM: *** SCF convergence criteria ***
| QMMM: Energy change                :  0.1D-09 kcal/mol
| QMMM: Error matrix |FP-PF|         :  0.1D+00 au
| QMMM: Density matrix change        :  0.5D-06
| QMMM: Maximum number of SCF cycles :     1000

| QMMM: *** Diagonalization Routine Information ***
| QMMM: Pseudo diagonalizations are allowed.
| QMMM: Auto diagonalization routine selection is in use.
| QMMM:
| QMMM: Timing diagonalization routines:
| QMMM:                              norbs =      196
| QMMM:    diag iterations used for timing =        5
| QMMM:
| QMMM:              Internal diag routine = 0.185438 seconds
| QMMM:                 Dspev diag routine = 0.179586 seconds
| QMMM:                Dspevd diag routine = 0.139273 seconds
| QMMM:                Dspevx diag routine = 0.543763 seconds
| QMMM:                 Dsyev diag routine = 0.201580 seconds
| QMMM:                Dsyevd diag routine = 0.138111 seconds
| QMMM:                Dsyevr diag routine = 0.156840 seconds
| QMMM:
| QMMM:                Pseudo diag routine = 0.088829 seconds
| QMMM:
| QMMM: Using dsyevd routine (diag_routine=6).

  QMMM: QM Region Cartesian Coordinates (*=link atom) 
  QMMM: QM_NO.   MM_NO.  ATOM         X         Y         Z
  QMMM:     1        1      C       -8.3240   -6.2540   -9.3460
  QMMM:     2        2      C       -7.1040   -6.4430  -10.2590
  QMMM:     3        3      C       -6.8420   -5.1940  -11.1000
  QMMM:     4        4      N       -6.4390   -4.0600  -10.2360
  QMMM:     5        5      C       -6.7720   -2.8120  -10.5430
  QMMM:     6        6      O       -6.4330   -1.8810   -9.8120
  QMMM:     7        7      C       -7.5740   -2.5130  -11.8080
  QMMM:     8        8      C       -8.3970   -1.2270  -11.8650
  QMMM:     9        9      C       -5.6680   -4.3240   -9.0050
  QMMM:    10       10      C       -4.9670   -5.6700   -9.0750
  QMMM:    11       11      N       -5.9140   -6.7620   -9.4440
  QMMM:    12       12      C       -5.7870   -8.0630   -8.9030
  QMMM:    13       13      N       -6.8850   -8.8380   -8.9850
  QMMM:    14       14      C       -6.9230  -10.0810   -8.4910
  QMMM:    15       15      O       -7.9460  -10.7560   -8.5910
  QMMM:    16       16      N       -5.8040  -10.6110   -7.8680
  QMMM:    17       17      C       -5.8640  -11.9030   -7.3510
  QMMM:    18       18      C       -5.4310  -12.9650   -8.1250
  QMMM:    19       19      C       -4.8980  -12.7140   -9.5330
  QMMM:    20       20      C       -5.4980  -14.2490   -7.5970
  QMMM:    21       21      C       -5.9990  -14.4190   -6.3110
  QMMM:    22       22      N       -6.4080  -13.3870   -5.5900
  QMMM:    23       23      C       -6.3620  -12.1320   -6.0680
  QMMM:    24       24      C       -6.8510  -10.9820   -5.1740
  QMMM:    25       25      C       -8.3400  -11.1460   -4.8380
  QMMM:    26       26      C       -6.0140  -10.9540   -3.8950
  QMMM:    27       27      C       -4.6420   -9.8510   -7.7520
  QMMM:    28       28      N       -3.5660  -10.3750   -7.1420
  QMMM:    29       29      C       -4.6230   -8.5590   -8.2740
  QMMM:    30       30      C       -3.4390   -7.8300   -8.1440
  QMMM:    31       31      C       -2.3320   -8.4000   -7.5110
  QMMM:    32       32      F       -1.1840   -7.7060   -7.3840
  QMMM:    33       33      C       -2.4200   -9.6980   -7.0040
  QMMM:    34       34      C       -1.3370  -10.3020   -6.3630
  QMMM:    35       35      C       -0.7530   -9.7030   -5.2370
  QMMM:    36       36      F       -1.2190   -8.5370   -4.7410
  QMMM:    37       37      C        0.3290  -10.3030   -4.6010
  QMMM:    38       38      C        0.8300  -11.5080   -5.0810
  QMMM:    39       39      C        0.2540  -12.1100   -6.1910
  QMMM:    40       40      C       -0.8260  -11.5150   -6.8330
  QMMM:    41       41      O       -1.3690  -12.1300   -7.9170
  QMMM:    42       42      H       -9.1860   -5.9050   -9.9560
  QMMM:    43       43      H       -8.1340   -5.5060   -8.5540
  QMMM:    44       44      H       -8.6580   -7.1950   -8.8640
  QMMM:    45       45      H       -7.3250   -7.2740  -10.9690
  QMMM:    46       46      H       -7.7570   -5.0700  -11.7100
  QMMM:    47       47      H       -6.0170   -5.4400  -11.8030
  QMMM:    48       48      H       -8.2960   -3.3120  -12.0290
  QMMM:    49       49      H       -6.8340   -2.5310  -12.6450
  QMMM:    50       50      H       -7.5130   -0.6590  -12.2860
  QMMM:    51       51      H       -8.0450   -0.4270  -11.1140
  QMMM:    52       52      H       -8.6610   -0.9810  -12.9590
  QMMM:    53       53      H       -6.3540   -4.3120   -8.1290
  QMMM:    54       54      H       -4.8850   -3.5460   -8.8530
  QMMM:    55       55      H       -4.5600   -5.7410   -8.0390
  QMMM:    56       56      H       -4.1540   -5.5820   -9.8300
  QMMM:    57       57      H       -3.8870  -12.2600   -9.4730
  QMMM:    58       58      H       -5.5900  -12.0360  -10.0820
  QMMM:    59       59      H       -4.8760  -13.6760  -10.0860
  QMMM:    60       60      H       -5.1890  -15.1070   -8.1750
  QMMM:    61       61      H       -6.0770  -15.4140   -5.8980
  QMMM:    62       62      H       -6.7520   -9.9830   -5.6560
  QMMM:    63       63      H       -8.5250  -12.1170   -4.3270
  QMMM:    64       64      H       -8.9470  -11.1320   -5.7720
  QMMM:    65       65      H       -8.6910  -10.3250   -4.1790
  QMMM:    66       66      H       -4.9440  -10.7550   -4.1230
  QMMM:    67       67      H       -6.0760  -11.9300   -3.3650
  QMMM:    68       68      H       -6.3820  -10.1600   -3.2120
  QMMM:    69       69      H       -3.1940   -6.9700   -8.7400
  QMMM:    70       70      H        0.7680   -9.8450   -3.7250
  QMMM:    71       71      H        1.5940  -11.9620   -4.5020
  QMMM:    72       72      H        0.6400  -13.0660   -6.5260
  QMMM:    73       73      H       -1.1510  -13.0690   -7.8690

--------------------------------------------------------------------------------
  RESULTS
--------------------------------------------------------------------------------

      iter         sqm energy              rms gradient
      ----    -------------------    -----------------------
xmin    10      -54.4163 kcal/mol        0.7972 kcal/(mol*A)
xmin    20      -56.3711 kcal/mol        0.3942 kcal/(mol*A)
xmin    30      -56.9560 kcal/mol        0.6178 kcal/(mol*A)
xmin    40      -57.1360 kcal/mol        0.1267 kcal/(mol*A)
xmin    50      -57.3895 kcal/mol        0.4597 kcal/(mol*A)
xmin    60      -57.5122 kcal/mol        0.1258 kcal/(mol*A)
xmin    70      -57.5486 kcal/mol        0.0684 kcal/(mol*A)
xmin    80      -57.5641 kcal/mol        0.0323 kcal/(mol*A)
xmin    90      -57.5802 kcal/mol        0.0398 kcal/(mol*A)
xmin   100      -57.5912 kcal/mol        0.0610 kcal/(mol*A)
xmin   110      -57.6074 kcal/mol        0.0861 kcal/(mol*A)
xmin   120      -57.6222 kcal/mol        0.0440 kcal/(mol*A)
xmin   130      -57.6293 kcal/mol        0.0830 kcal/(mol*A)
xmin   140      -57.6419 kcal/mol        0.0860 kcal/(mol*A)
xmin   150      -57.6469 kcal/mol        0.0648 kcal/(mol*A)
xmin   160      -57.6532 kcal/mol        0.0191 kcal/(mol*A)
xmin   170      -57.6540 kcal/mol        0.0085 kcal/(mol*A)
xmin   180      -57.6544 kcal/mol        0.0058 kcal/(mol*A)
xmin   190      -57.6545 kcal/mol        0.0053 kcal/(mol*A)
xmin   200      -57.6546 kcal/mol        0.0056 kcal/(mol*A)
xmin   210      -57.6546 kcal/mol        0.0014 kcal/(mol*A)
xmin   220      -57.6547 kcal/mol        0.0008 kcal/(mol*A)
  ... geometry converged !
 
 Final MO eigenvalues (eV):
 -50.0174  -49.9210  -42.0158  -41.1740  -40.8622  -40.1412  -39.2278  -38.9580
 -37.7578  -36.9952  -36.2887  -36.1802  -34.7948  -34.2574  -33.8560  -33.5458
 -33.0105  -32.1961  -30.7789  -30.3639  -30.1497  -29.2755  -28.3747  -27.5921
 -27.4152  -26.2082  -25.9350  -25.0820  -24.5748  -24.1035  -23.9642  -23.6578
 -23.3962  -22.6980  -21.5782  -20.6034  -20.3997  -19.9135  -19.7891  -19.5038
 -19.1183  -18.6899  -18.2025  -17.9800  -17.8377  -17.7262  -17.5848  -17.4720
 -17.1450  -17.0729  -16.7014  -16.6445  -16.5831  -16.4944  -16.3019  -16.1165
 -15.7986  -15.7718  -15.6017  -15.3874  -15.3086  -15.2704  -15.1068  -14.9061
 -14.7189  -14.6233  -14.5721  -14.4453  -14.2913  -14.1154  -14.0768  -13.9478
 -13.8963  -13.8607  -13.7303  -13.5235  -13.4771  -13.4218  -13.4132  -13.1538
 -13.0905  -12.8155  -12.7895  -12.7801  -12.7725  -12.6016  -12.5883  -12.5156
 -12.1407  -12.1151  -12.0373  -11.9319  -11.8021  -11.7331  -11.4553  -11.2877
 -11.0787  -10.9269  -10.8336  -10.4250  -10.1070  -10.0288   -9.9966   -9.6902
  -9.6349   -9.4901   -9.1413   -1.1856   -0.5349   -0.3283   -0.1314    0.1103
   0.2119    0.3788    0.7973    1.1620    1.2780    1.6218    1.6776    2.0646
   2.1631    2.2508    2.4286    2.4806    2.7236    2.8108    2.8855    2.9334
   3.0566    3.1052    3.1779    3.2488    3.2898    3.3419    3.4307    3.4765
   3.5031    3.5492    3.5977    3.6318    3.6396    3.7007    3.7168    3.7353
   3.8098    3.8564    3.9142    3.9257    3.9853    4.0454    4.0983    4.1042
   4.1553    4.1660    4.2530    4.2860    4.3192    4.3485    4.4456    4.4533
   4.4888    4.5058    4.5341    4.5468    4.5693    4.6024    4.6486    4.6637
   4.7744    4.8151    4.8474    4.9084    4.9252    4.9496    5.0109    5.0250
   5.0328    5.1367    5.1563    5.1755    5.2094    5.2822    5.3202    5.3505
   5.3978    5.4481    5.5215    5.5277    5.7034    5.8219    5.9813    6.1380
   6.5342    6.8273    6.8470    7.0276

 Heat of formation   =        -57.65467265 kcal/mol  (       -2.50009421 eV)

 Total SCF energy    =    -171859.35166240 kcal/mol  (    -7452.38071473 eV)
 Electronic energy   =   -1649435.83368822 kcal/mol  (   -71524.90497759 eV)
 Core-core repulsion =    1477576.48202582 kcal/mol  (    64072.52426286 eV)
 
    Atomic Charges for Step       1 :
  Atom    Element       Mulliken Charge
     1      C                 -0.231
     2      C                  0.016
     3      C                 -0.027
     4      N                 -0.340
     5      C                  0.303
     6      O                 -0.362
     7      C                 -0.173
     8      C                 -0.206
     9      C                 -0.041
    10      C                 -0.061
    11      N                 -0.251
    12      C                  0.229
    13      N                 -0.270
    14      C                  0.365
    15      O                 -0.303
    16      N                 -0.231
    17      C                 -0.001
    18      C                  0.004
    19      C                 -0.192
    20      C                 -0.190
    21      C                 -0.052
    22      N                 -0.145
    23      C                  0.031
    24      C                 -0.057
    25      C                 -0.213
    26      C                 -0.199
    27      C                  0.165
    28      N                 -0.143
    29      C                 -0.200
    30      C                 -0.069
    31      C                  0.010
    32      F                 -0.086
    33      C                  0.098
    34      C                 -0.123
    35      C                  0.166
    36      F                 -0.089
    37      C                 -0.206
    38      C                 -0.050
    39      C                 -0.233
    40      C                  0.139
    41      O                 -0.241
    42      H                  0.080
    43      H                  0.085
    44      H                  0.110
    45      H                  0.119
    46      H                  0.096
    47      H                  0.078
    48      H                  0.106
    49      H                  0.099
    50      H                  0.089
    51      H                  0.095
    52      H                  0.076
    53      H                  0.095
    54      H                  0.130
    55      H                  0.104
    56      H                  0.094
    57      H                  0.094
    58      H                  0.106
    59      H                  0.085
    60      H                  0.144
    61      H                  0.159
    62      H                  0.089
    63      H                  0.088
    64      H                  0.088
    65      H                  0.073
    66      H                  0.082
    67      H                  0.090
    68      H                  0.067
    69      H                  0.167
    70      H                  0.157
    71      H                  0.144
    72      H                  0.143
    73      H                  0.227
 Total Mulliken Charge =       0.000
 
                  X        Y        Z     TOTAL  
  QM DIPOLE     5.338   -0.241   -3.175    6.216
 
 Final Structure

  QMMM: QM Region Cartesian Coordinates (*=link atom) 
  QMMM: QM_NO.   MM_NO.  ATOM         X         Y         Z
  QMMM:     1        1      C       -8.5968   -6.6312   -9.7174
  QMMM:     2        2      C       -7.2303   -6.5531  -10.4018
  QMMM:     3        3      C       -7.0353   -5.1304  -11.0011
  QMMM:     4        4      N       -6.8393   -4.1182   -9.9946
  QMMM:     5        5      C       -6.7971   -2.7654  -10.3206
  QMMM:     6        6      O       -6.4618   -1.9325   -9.4559
  QMMM:     7        7      C       -7.2094   -2.3544  -11.7205
  QMMM:     8        8      C       -7.0212   -0.8742  -11.9307
  QMMM:     9        9      C       -6.3782   -4.5772   -8.7066
  QMMM:    10       10      C       -5.4927   -5.8377   -8.8056
  QMMM:    11       11      N       -6.0641   -6.9202   -9.5917
  QMMM:    12       12      C       -5.9895   -8.2247   -9.0593
  QMMM:    13       13      N       -7.0403   -9.0312   -9.1289
  QMMM:    14       14      C       -6.9894  -10.3368   -8.6050
  QMMM:    15       15      O       -7.9337  -11.1316   -8.7542
  QMMM:    16       16      N       -5.8507  -10.7581   -7.8344
  QMMM:    17       17      C       -5.8896  -11.9994   -7.1340
  QMMM:    18       18      C       -5.5795  -13.2043   -7.8119
  QMMM:    19       19      C       -5.2292  -13.2181   -9.2507
  QMMM:    20       20      C       -5.6299  -14.4024   -7.0932
  QMMM:    21       21      C       -5.9877  -14.3631   -5.7385
  QMMM:    22       22      N       -6.2934  -13.2339   -5.0802
  QMMM:    23       23      C       -6.2489  -12.0586   -5.7495
  QMMM:    24       24      C       -6.6307  -10.7983   -5.0026
  QMMM:    25       25      C       -8.1126  -10.5345   -5.1968
  QMMM:    26       26      C       -6.2925  -10.8586   -3.5261
  QMMM:    27       27      C       -4.6951   -9.9709   -7.8278
  QMMM:    28       28      N       -3.5688  -10.4529   -7.1975
  QMMM:    29       29      C       -4.7033   -8.6988   -8.5003
  QMMM:    30       30      C       -3.4835   -8.0256   -8.6350
  QMMM:    31       31      C       -2.3331   -8.5346   -8.0271
  QMMM:    32       32      F       -1.1559   -7.8816   -8.1463
  QMMM:    33       33      C       -2.4296   -9.7573   -7.2830
  QMMM:    34       34      C       -1.2437  -10.2859   -6.5833
  QMMM:    35       35      C       -1.1546  -10.2297   -5.1754
  QMMM:    36       36      F       -2.1529   -9.6726   -4.4542
  QMMM:    37       37      C       -0.0243  -10.7380   -4.5069
  QMMM:    38       38      C        1.0084  -11.3129   -5.2401
  QMMM:    39       39      C        0.9391  -11.3927   -6.6274
  QMMM:    40       40      C       -0.1867  -10.8856   -7.2941
  QMMM:    41       41      O       -0.3153  -10.9511   -8.6601
  QMMM:    42       42      H       -9.2751   -5.8417  -10.1225
  QMMM:    43       43      H       -8.5209   -6.4890   -8.6133
  QMMM:    44       44      H       -9.0710   -7.6244   -9.9088
  QMMM:    45       45      H       -7.2359   -7.2683  -11.2796
  QMMM:    46       46      H       -7.9540   -4.8866  -11.6069
  QMMM:    47       47      H       -6.1532   -5.1495  -11.7060
  QMMM:    48       48      H       -8.2882   -2.6281  -11.8710
  QMMM:    49       49      H       -6.6016   -2.9278  -12.4703
  QMMM:    50       50      H       -5.9475   -0.5939  -11.8047
  QMMM:    51       51      H       -7.6162   -0.2947  -11.1835
  QMMM:    52       52      H       -7.3521   -0.5914  -12.9586
  QMMM:    53       53      H       -7.2757   -4.7947   -8.0597
  QMMM:    54       54      H       -5.7747   -3.7663   -8.2051
  QMMM:    55       55      H       -5.2539   -6.1747   -7.7585
  QMMM:    56       56      H       -4.5289   -5.5355   -9.3117
  QMMM:    57       57      H       -4.3042  -12.6157   -9.4333
  QMMM:    58       58      H       -6.0667  -12.7769   -9.8504
  QMMM:    59       59      H       -5.0471  -14.2601   -9.6115
  QMMM:    60       60      H       -5.3979  -15.3579   -7.5818
  QMMM:    61       61      H       -6.0393  -15.2899   -5.1383
  QMMM:    62       62      H       -6.0451   -9.9391   -5.4379
  QMMM:    63       63      H       -8.7182  -11.3439   -4.7228
  QMMM:    64       64      H       -8.3654  -10.4933   -6.2851
  QMMM:    65       65      H       -8.3881   -9.5612   -4.7244
  QMMM:    66       66      H       -5.2201  -11.1311   -3.3810
  QMMM:    67       67      H       -6.9259  -11.6104   -2.9973
  QMMM:    68       68      H       -6.4738   -9.8578   -3.0636
  QMMM:    69       69      H       -3.3927   -7.1079   -9.2360
  QMMM:    70       70      H        0.0247  -10.6782   -3.4104
  QMMM:    71       71      H        1.8903  -11.7122   -4.7149
  QMMM:    72       72      H        1.7559  -11.8525   -7.2014
  QMMM:    73       73      H        0.4867  -11.3621   -9.0174

           --------- Calculation Completed ----------

